[INFO] Scanning for projects...
[WARNING] 
[WARNING] Some problems were encountered while building the effective model for com.example:demo:jar:0.0.1-SNAPSHOT
[WARNING] 'dependencies.dependency.systemPath' for com.avaya:ecsjtapi:jar should not point at files within the project directory, ${basedir}/lib/ecsjtapia.jar will be unresolvable by dependent projects @ line 71, column 25
[WARNING] 
[WARNING] It is highly recommended to fix these problems because they threaten the stability of your build.
[WARNING] 
[WARNING] For this reason, future Maven versions might no longer support building such malformed projects.
[WARNING] 
[INFO] 
[INFO] --------------------------< com.example:demo >--------------------------
[INFO] Building demo 0.0.1-SNAPSHOT
[INFO]   from pom.xml
[INFO] --------------------------------[ jar ]---------------------------------
[INFO] 
[INFO] >>> spring-boot:3.5.4:run (default-cli) > test-compile @ demo >>>
[INFO] 
[INFO] --- resources:3.3.1:resources (default-resources) @ demo ---
[INFO] Copying 1 resource from src\main\resources to target\classes
[INFO] Copying 2 resources from src\main\resources to target\classes
[INFO] 
[INFO] --- compiler:3.14.0:compile (default-compile) @ demo ---
[INFO] Nothing to compile - all classes are up to date.
[INFO] 
[INFO] --- resources:3.3.1:testResources (default-testResources) @ demo ---
[INFO] skip non existing resourceDirectory C:\jtapi-develop\src\test\resources
[INFO] 
[INFO] --- compiler:3.14.0:testCompile (default-testCompile) @ demo ---
[INFO] No sources to compile
[INFO] 
[INFO] <<< spring-boot:3.5.4:run (default-cli) < test-compile @ demo <<<
[INFO] 
[INFO] 
[INFO] --- spring-boot:3.5.4:run (default-cli) @ demo ---
[INFO] Attaching agents: []

  .   ____          _            __ _ _
 /\\ / ___'_ __ _ _(_)_ __  __ _ \ \ \ \
( ( )\___ | '_ | '_| | '_ \/ _` | \ \ \ \
 \\/  ___)| |_)| | | | | || (_| |  ) ) ) )
  '  |____| .__|_| |_|_| |_\__, | / / / /
 =========|_|==============|___/=/_/_/_/

 :: Spring Boot ::                (v3.5.4)

2025-08-19T15:27:52.667+08:00  INFO 32908 --- [jtapi-develop] [  restartedMain] c.e.j.DemoApplication                    : Starting DemoApplication using Java 21.0.8 with PID 32908 (C:\jtapi-develop\target\classes started by Patrick in C:\jtapi-develop)
2025-08-19T15:27:52.674+08:00  INFO 32908 --- [jtapi-develop] [  restartedMain] c.e.j.DemoApplication                    : No active profile set, falling back to 1 default profile: "default"
2025-08-19T15:27:52.707+08:00  INFO 32908 --- [jtapi-develop] [  restartedMain] o.s.b.d.r.ChangeableUrls                 : The Class-Path manifest attribute in C:\jtapi-develop\lib\ecsjtapia.jar referenced one or more files that do not exist: file:/C:/jtapi-develop/lib/Java40.jar,file:/C:/jtapi-develop/lib/microsoft.jar
2025-08-19T15:27:52.707+08:00  INFO 32908 --- [jtapi-develop] [  restartedMain] .e.DevToolsPropertyDefaultsPostProcessor : Devtools property defaults active! Set 'spring.devtools.add-properties' to 'false' to disable
2025-08-19T15:27:52.707+08:00  INFO 32908 --- [jtapi-develop] [  restartedMain] .e.DevToolsPropertyDefaultsPostProcessor : For additional web related logging consider setting the 'logging.level.web' property to 'DEBUG'
2025-08-19T15:27:53.552+08:00  INFO 32908 --- [jtapi-develop] [  restartedMain] o.s.b.w.e.t.TomcatWebServer              : Tomcat initialized with port 8080 (http)
2025-08-19T15:27:53.567+08:00  INFO 32908 --- [jtapi-develop] [  restartedMain] o.a.c.c.StandardService                  : Starting service [Tomcat]
2025-08-19T15:27:53.567+08:00  INFO 32908 --- [jtapi-develop] [  restartedMain] o.a.c.c.StandardEngine                   : Starting Servlet engine: [Apache Tomcat/10.1.43]
2025-08-19T15:27:53.609+08:00  INFO 32908 --- [jtapi-develop] [  restartedMain] o.a.c.c.C.[.[.[/]                        : Initializing Spring embedded WebApplicationContext
2025-08-19T15:27:53.611+08:00  INFO 32908 --- [jtapi-develop] [  restartedMain] w.s.c.ServletWebServerApplicationContext : Root WebApplicationContext: initialization completed in 901 ms
[SSE] 心跳服務已啟動，每60秒發送一次心跳
2025-08-19T15:27:53.975+08:00  INFO 32908 --- [jtapi-develop] [  restartedMain] o.s.b.d.a.OptionalLiveReloadServer       : LiveReload server is running on port 35729
2025-08-19T15:27:53.997+08:00  INFO 32908 --- [jtapi-develop] [  restartedMain] o.s.b.w.e.t.TomcatWebServer              : Tomcat started on port 8080 (http) with context path '/'
2025-08-19T15:27:54.002+08:00  INFO 32908 --- [jtapi-develop] [  restartedMain] c.e.j.DemoApplication                    : Started DemoApplication in 1.751 seconds (process running for 2.311)
2025-08-19T15:27:54.141+08:00  INFO 32908 --- [jtapi-develop] [nio-8080-exec-1] o.a.c.c.C.[.[.[/]                        : Initializing Spring DispatcherServlet 'dispatcherServlet'
2025-08-19T15:27:54.141+08:00  INFO 32908 --- [jtapi-develop] [nio-8080-exec-1] o.s.w.s.DispatcherServlet                : Initializing Servlet 'dispatcherServlet'
2025-08-19T15:27:54.142+08:00  INFO 32908 --- [jtapi-develop] [nio-8080-exec-1] o.s.w.s.DispatcherServlet                : Completed initialization in 1 ms
[SSE] 收到SSE連接請求，分機: 1420
[SSE] 分機 1420 已連接 SSE，已發送確認訊息
[INFO] ------------------------------------------------------------------------
[INFO] BUILD FAILURE
[INFO] ------------------------------------------------------------------------
[INFO] Total time:  28.083 s
[INFO] Finished at: 2025-08-19T15:28:18+08:00
[INFO] ------------------------------------------------------------------------
[ERROR] Failed to execute goal org.springframework.boot:spring-boot-maven-plugin:3.5.4:run (default-cli) on project demo: Process terminated with exit code: 143 -> [Help 1]
[ERROR] 
[ERROR] To see the full stack trace of the errors, re-run Maven with the -e switch.
[ERROR] Re-run Maven using the -X switch to enable full debug logging.
[ERROR] 
[ERROR] For more information about the errors and possible solutions, please read the following articles:
[ERROR] [Help 1] http://cwiki.apache.org/confluence/display/MAVEN/MojoExecutionException
